\BOOKMARK [1][-]{section.1}{Introduction}{}% 1
\BOOKMARK [1][-]{section.2}{Conceptual Design}{}% 2
\BOOKMARK [2][-]{subsection.2.1}{Naval concept}{section.2}% 3
\BOOKMARK [3][-]{subsubsection.2.1.1}{Nuclear Merchant Shipping Vessels}{subsection.2.1}% 4
\BOOKMARK [3][-]{subsubsection.2.1.2}{Floating Nuclear Power Plants}{subsection.2.1}% 5
\BOOKMARK [2][-]{subsection.2.2}{Reactor concept}{section.2}% 6
\BOOKMARK [3][-]{subsubsection.2.2.1}{Driven Reactor}{subsection.2.2}% 7
\BOOKMARK [3][-]{subsubsection.2.2.2}{Alternatives}{subsection.2.2}% 8
\BOOKMARK [1][-]{section.3}{Feasibility analysis}{}% 9
\BOOKMARK [2][-]{subsection.3.1}{Ship analysis}{section.3}% 10
\BOOKMARK [3][-]{subsubsection.3.1.1}{Safety}{subsection.3.1}% 11
\BOOKMARK [3][-]{subsubsection.3.1.2}{Propulsion}{subsection.3.1}% 12
\BOOKMARK [2][-]{subsection.3.2}{Reactor analysis}{section.3}% 13
\BOOKMARK [3][-]{subsubsection.3.2.1}{Inner core fuel parameters}{subsection.3.2}% 14
\BOOKMARK [3][-]{subsubsection.3.2.2}{Outer core fuel parameters}{subsection.3.2}% 15
\BOOKMARK [3][-]{subsubsection.3.2.3}{Thermal analysis}{subsection.3.2}% 16
\BOOKMARK [2][-]{subsection.3.3}{Materials analysis}{section.3}% 17
\BOOKMARK [3][-]{subsubsection.3.3.1}{Coolant}{subsection.3.3}% 18
\BOOKMARK [3][-]{subsubsection.3.3.2}{Fuel}{subsection.3.3}% 19
\BOOKMARK [3][-]{subsubsection.3.3.3}{Shielding}{subsection.3.3}% 20
\BOOKMARK [3][-]{subsubsection.3.3.4}{Corrosion}{subsection.3.3}% 21
\BOOKMARK [1][-]{section.4}{Market analysis}{}% 22
\BOOKMARK [1][-]{section.5}{Process planning}{}% 23
\BOOKMARK [2][-]{subsection.5.1}{SWOT analysis}{section.5}% 24
\BOOKMARK [2][-]{subsection.5.2}{Fishikawa}{section.5}% 25
\BOOKMARK [2][-]{subsection.5.3}{GANTT chart}{section.5}% 26
\BOOKMARK [1][-]{section.6}{Constraints}{}% 27
\BOOKMARK [1][-]{section.7}{Conclusions}{}% 28
\BOOKMARK [1][-]{section.8}{Acknowledgements}{}% 29
\BOOKMARK [1][-]{section.9}{References}{}% 30
