\BOOKMARK [1][-]{section.1}{Introduction}{}% 1
\BOOKMARK [1][-]{section.2}{Objectives}{}% 2
\BOOKMARK [1][-]{section.3}{State of the Art}{}% 3
\BOOKMARK [2][-]{subsection.3.1}{Naval concept}{section.3}% 4
\BOOKMARK [3][-]{subsubsection.3.1.1}{Nuclear Merchant Shipping Vessels}{subsection.3.1}% 5
\BOOKMARK [3][-]{subsubsection.3.1.2}{FishP3}{subsection.3.1}% 6
\BOOKMARK [2][-]{subsection.3.2}{Floating Nuclear Power Plants}{section.3}% 7
\BOOKMARK [1][-]{section.4}{Design Choices}{}% 8
\BOOKMARK [2][-]{subsection.4.1}{Reactor concept}{section.4}% 9
\BOOKMARK [3][-]{subsubsection.4.1.1}{Driven Reactor}{subsection.4.1}% 10
\BOOKMARK [3][-]{subsubsection.4.1.2}{Alternatives}{subsection.4.1}% 11
\BOOKMARK [2][-]{subsection.4.2}{Heat Removal}{section.4}% 12
\BOOKMARK [1][-]{section.5}{Feasibility analysis}{}% 13
\BOOKMARK [2][-]{subsection.5.1}{Ship analysis}{section.5}% 14
\BOOKMARK [3][-]{subsubsection.5.1.1}{Safety}{subsection.5.1}% 15
\BOOKMARK [3][-]{subsubsection.5.1.2}{Propulsion}{subsection.5.1}% 16
\BOOKMARK [2][-]{subsection.5.2}{Reactor analysis}{section.5}% 17
\BOOKMARK [3][-]{subsubsection.5.2.1}{Inner core fuel parameters}{subsection.5.2}% 18
\BOOKMARK [3][-]{subsubsection.5.2.2}{Outer core fuel parameters}{subsection.5.2}% 19
\BOOKMARK [3][-]{subsubsection.5.2.3}{Thermal analysis}{subsection.5.2}% 20
\BOOKMARK [2][-]{subsection.5.3}{Materials analysis}{section.5}% 21
\BOOKMARK [3][-]{subsubsection.5.3.1}{Coolant}{subsection.5.3}% 22
\BOOKMARK [3][-]{subsubsection.5.3.2}{Fuel}{subsection.5.3}% 23
\BOOKMARK [3][-]{subsubsection.5.3.3}{Shielding}{subsection.5.3}% 24
\BOOKMARK [3][-]{subsubsection.5.3.4}{Corrosion}{subsection.5.3}% 25
\BOOKMARK [1][-]{section.6}{Market analysis}{}% 26
\BOOKMARK [1][-]{section.7}{Process planning}{}% 27
\BOOKMARK [2][-]{subsection.7.1}{SWOT analysis}{section.7}% 28
\BOOKMARK [2][-]{subsection.7.2}{Fishikawa}{section.7}% 29
\BOOKMARK [2][-]{subsection.7.3}{GANTT chart}{section.7}% 30
\BOOKMARK [1][-]{section.8}{Constraints}{}% 31
\BOOKMARK [1][-]{section.9}{Conclusions}{}% 32
\BOOKMARK [1][-]{section.10}{Acknowledgements}{}% 33
\BOOKMARK [1][-]{section.11}{References}{}% 34
